{"body":{},"endpoint":"/event","ip":"::1","level":"info","method":"GET","path_parameters":{"0":"event"},"query_parameters":{"date":"pie"},"timestamp":"2024-04-25T02:29:58.596Z"}
{"body":{},"endpoint":"/event","ip":"::1","level":"info","method":"GET","path_parameters":{"0":"event"},"query_parameters":{"date":"pie"},"timestamp":"2024-04-25T02:31:46.274Z"}
{"body":{},"endpoint":"/event","errorCode":400,"ip":"::1","level":"info","message":"Query parameters do not meet requirements","method":"GET","path_parameters":{},"query_parameters":{"date":"pie"},"timestamp":"2024-04-25T02:31:46.524Z"}
{"body":{},"endpoint":"/event","ip":"::1","level":"info","method":"GET","path_parameters":{"0":"event"},"query_parameters":{},"timestamp":"2024-04-25T02:31:52.258Z"}
{"body":{"date":"2024-05-17","description":null,"location":"EM BOP","name":"Liam's Birthday","time":"19:30:00"},"endpoint":"/event","ip":"::1","level":"info","method":"POST","path_parameters":{"0":"event"},"query_parameters":{},"timestamp":"2024-04-25T02:33:38.307Z"}
{"body":{"date":"2024-05-17","description":null,"location":"Mercer University","name":"Volleyball","time":5},"endpoint":"/event","ip":"::1","level":"info","method":"POST","path_parameters":{"0":"event"},"query_parameters":{},"timestamp":"2024-04-25T02:34:29.331Z"}
{"body":{},"endpoint":"/event","ip":"::1","level":"info","method":"GET","path_parameters":{"0":"event"},"query_parameters":{},"timestamp":"2024-04-25T02:34:33.523Z"}
{"body":{"date":5,"description":null,"location":"Mercer University","name":"Volleyball","time":"19:30:00"},"endpoint":"/event","ip":"::1","level":"info","method":"POST","path_parameters":{"0":"event"},"query_parameters":{},"timestamp":"2024-04-25T02:34:52.926Z"}
{"body":{"date":"2024-05-17","description":true,"location":"Mercer University","name":"Volleyball","time":"19:30:00"},"endpoint":"/event","ip":"::1","level":"info","method":"POST","path_parameters":{"0":"event"},"query_parameters":{},"timestamp":"2024-04-25T02:35:01.241Z"}
{"body":{"date":"2024-05-17","description":true,"location":"Mercer University","name":true,"time":"19:30:00"},"endpoint":"/event","ip":"::1","level":"info","method":"POST","path_parameters":{"0":"event"},"query_parameters":{},"timestamp":"2024-04-25T02:35:33.812Z"}
{"body":{"date":"2024-05-17","description":5,"location":"Mercer University","name":"Volleyball","time":"19:30:00"},"endpoint":"/event","ip":"::1","level":"info","method":"POST","path_parameters":{"0":"event"},"query_parameters":{},"timestamp":"2024-04-25T02:36:59.697Z"}
{"body":{"date":"2024-05-17","description":5,"location":"Mercer University","name":"Volleyball","time":"19:30:00"},"endpoint":"/event","ip":"::1","level":"info","method":"POST","path_parameters":{"0":"event"},"query_parameters":{},"timestamp":"2024-04-25T02:37:24.291Z"}
{"body":{"date":"2024-05-17","description":true,"location":"Mercer University","name":"Volleyball","time":"19:30:00"},"endpoint":"/event","ip":"::1","level":"info","method":"POST","path_parameters":{"0":"event"},"query_parameters":{},"timestamp":"2024-04-25T02:37:33.250Z"}
{"body":{"date":"2024-05-17","location":"Mercer University","name":"Volleyball","time":"19:30:00"},"endpoint":"/event","ip":"::1","level":"info","method":"POST","path_parameters":{"0":"event"},"query_parameters":{},"timestamp":"2024-04-25T02:37:54.086Z"}
{"body":{},"endpoint":"/event","ip":"::1","level":"info","method":"GET","path_parameters":{"0":"event"},"query_parameters":{},"timestamp":"2024-04-25T02:38:38.304Z"}
{"body":{"hello":"pie"},"endpoint":"/event/Volleyball","ip":"::1","level":"info","method":"DELETE","path_parameters":{"0":"event/Volleyball"},"query_parameters":{},"timestamp":"2024-04-25T02:48:09.976Z"}
{"body":{"hello":"pie"},"endpoint":"/event/Volleyball","errorCode":400,"ip":"::1","level":"info","message":"Request body is not permitted","method":"DELETE","path_parameters":{"name":"Volleyball"},"query_parameters":{},"timestamp":"2024-04-25T02:48:09.979Z"}
{"body":{},"endpoint":"/event/Volleyball","ip":"::1","level":"info","method":"DELETE","path_parameters":{"0":"event/Volleyball"},"query_parameters":{},"timestamp":"2024-04-25T02:48:14.417Z"}
{"body":{},"endpoint":"/event","ip":"::1","level":"info","method":"GET","path_parameters":{"0":"event"},"query_parameters":{},"timestamp":"2024-04-25T02:48:18.913Z"}
{"body":{},"endpoint":"/event/Volleyball","ip":"::1","level":"info","method":"DELETE","path_parameters":{"0":"event/Volleyball"},"query_parameters":{},"timestamp":"2024-04-25T02:48:23.733Z"}
{"body":{},"endpoint":"/event/Pie","ip":"::1","level":"info","method":"DELETE","path_parameters":{"0":"event/Pie"},"query_parameters":{},"timestamp":"2024-04-25T02:48:29.158Z"}
{"body":{},"endpoint":"/event/6","ip":"::1","level":"info","method":"DELETE","path_parameters":{"0":"event/6"},"query_parameters":{},"timestamp":"2024-04-25T02:48:33.920Z"}
